2019-03-08 21:31:48.340125 {'status': 'success', 'data': {'city': 'Miami', 'state': 'Florida', 'country': 'USA', 'location': {'type': 'Point', 'coordinates': [-80.2156, 25.7947]}, 'current': {'weather': {'ts': '2019-03-09T01:00:00.000Z', 'hu': 73, 'ic': '10n', 'pr': 1020, 'tp': 22, 'wd': 100, 'ws': 4.1}, 'pollution': {'ts': '2019-03-09T00:00:00.000Z', 'aqius': 6, 'mainus': 'n2', 'aqicn': 17, 'maincn': 'n2'}}}} <class 'dict'> 
2019-03-08 21:31:48.340606 Pollution data {'ts': '2019-03-09T00:00:00.000Z', 'aqius': 6, 'mainus': 'n2', 'aqicn': 17, 'maincn': 'n2'} 
2019-03-08 21:31:48.340808 latitude: -80.2156 longitude: 25.7947 
2019-03-08 21:31:48.505451 google request:  200 object type:  image/png 
2019-03-09 01:54:45.787510 {'status': 'success', 'data': {'city': 'Miami', 'state': 'Florida', 'country': 'USA', 'location': {'type': 'Point', 'coordinates': [-80.2156, 25.7947]}, 'current': {'weather': {'ts': '2019-03-09T06:00:00.000Z', 'hu': 73, 'ic': '01n', 'pr': 1019, 'tp': 22, 'wd': 120, 'ws': 4.6}, 'pollution': {'ts': '2019-03-09T05:00:00.000Z', 'aqius': 1, 'mainus': 'n2', 'aqicn': 4, 'maincn': 'n2'}}}} <class 'dict'> 
2019-03-09 01:54:45.792620 Pollution data {'ts': '2019-03-09T05:00:00.000Z', 'aqius': 1, 'mainus': 'n2', 'aqicn': 4, 'maincn': 'n2'} 
2019-03-09 01:54:45.792685 latitude: -80.2156 longitude: 25.7947 
2019-03-09 01:54:46.099270 google request:  200 object type:  image/png 
2019-03-09 01:54:50.143684 {'status': 'success', 'data': {'city': 'Miami', 'state': 'Florida', 'country': 'USA', 'location': {'type': 'Point', 'coordinates': [-80.2156, 25.7947]}, 'current': {'weather': {'ts': '2019-03-09T06:00:00.000Z', 'hu': 73, 'ic': '01n', 'pr': 1019, 'tp': 22, 'wd': 120, 'ws': 4.6}, 'pollution': {'ts': '2019-03-09T05:00:00.000Z', 'aqius': 1, 'mainus': 'n2', 'aqicn': 4, 'maincn': 'n2'}}}} <class 'dict'> 
2019-03-09 01:54:50.144455 Pollution data {'ts': '2019-03-09T05:00:00.000Z', 'aqius': 1, 'mainus': 'n2', 'aqicn': 4, 'maincn': 'n2'} 
2019-03-09 01:54:50.144523 latitude: -80.2156 longitude: 25.7947 
2019-03-09 01:54:50.331652 google request:  200 object type:  image/png 
2019-03-09 02:14:40.765936 {'status': 'success', 'data': {'city': 'Miami', 'state': 'Florida', 'country': 'USA', 'location': {'type': 'Point', 'coordinates': [-80.2156, 25.7947]}, 'current': {'weather': {'ts': '2019-03-09T06:00:00.000Z', 'hu': 73, 'ic': '01n', 'pr': 1019, 'tp': 22, 'wd': 120, 'ws': 4.6}, 'pollution': {'ts': '2019-03-09T05:00:00.000Z', 'aqius': 1, 'mainus': 'n2', 'aqicn': 4, 'maincn': 'n2'}}}} <class 'dict'> 
2019-03-09 02:14:40.766696 Pollution data {'ts': '2019-03-09T05:00:00.000Z', 'aqius': 1, 'mainus': 'n2', 'aqicn': 4, 'maincn': 'n2'} 
2019-03-09 02:14:40.766778 latitude: -80.2156 longitude: 25.7947 
2019-03-09 02:14:41.080673 google request:  200 object type:  image/png 
2019-03-09 15:27:00.328121 {'status': 'success', 'data': {'city': 'Miami', 'state': 'Florida', 'country': 'USA', 'location': {'type': 'Point', 'coordinates': [-80.2156, 25.7947]}, 'current': {'weather': {'ts': '2019-03-09T19:00:00.000Z', 'hu': 58, 'ic': '04d', 'pr': 1019, 'tp': 27, 'wd': 110, 'ws': 8.2}, 'pollution': {'ts': '2019-03-09T18:00:00.000Z', 'aqius': 2, 'mainus': 'n2', 'aqicn': 5, 'maincn': 'n2'}}}} <class 'dict'> 
2019-03-09 15:27:00.333266 Pollution data {'ts': '2019-03-09T18:00:00.000Z', 'aqius': 2, 'mainus': 'n2', 'aqicn': 5, 'maincn': 'n2'} 
2019-03-09 15:27:00.333330 latitude: -80.2156 longitude: 25.7947 
2019-03-09 15:27:00.585355 google request:  200 object type:  image/png 
2019-03-09 15:27:04.779446 {'status': 'success', 'data': {'city': 'Miami', 'state': 'Florida', 'country': 'USA', 'location': {'type': 'Point', 'coordinates': [-80.2156, 25.7947]}, 'current': {'weather': {'ts': '2019-03-09T19:00:00.000Z', 'hu': 58, 'ic': '04d', 'pr': 1019, 'tp': 27, 'wd': 110, 'ws': 8.2}, 'pollution': {'ts': '2019-03-09T18:00:00.000Z', 'aqius': 2, 'mainus': 'n2', 'aqicn': 5, 'maincn': 'n2'}}}} <class 'dict'> 
2019-03-09 15:27:04.780245 Pollution data {'ts': '2019-03-09T18:00:00.000Z', 'aqius': 2, 'mainus': 'n2', 'aqicn': 5, 'maincn': 'n2'} 
2019-03-09 15:27:04.780323 latitude: -80.2156 longitude: 25.7947 
2019-03-09 15:27:04.917744 google request:  200 object type:  image/png 
2019-03-09 15:28:13.589680 {'status': 'success', 'data': {'city': 'Miami', 'state': 'Florida', 'country': 'USA', 'location': {'type': 'Point', 'coordinates': [-80.2156, 25.7947]}, 'current': {'weather': {'ts': '2019-03-09T19:00:00.000Z', 'hu': 58, 'ic': '04d', 'pr': 1019, 'tp': 27, 'wd': 110, 'ws': 8.2}, 'pollution': {'ts': '2019-03-09T18:00:00.000Z', 'aqius': 2, 'mainus': 'n2', 'aqicn': 5, 'maincn': 'n2'}}}} <class 'dict'> 
2019-03-09 15:28:13.590226 Pollution data {'ts': '2019-03-09T18:00:00.000Z', 'aqius': 2, 'mainus': 'n2', 'aqicn': 5, 'maincn': 'n2'} 
2019-03-09 15:28:13.590280 latitude: -80.2156 longitude: 25.7947 
2019-03-09 15:28:13.771603 google request:  200 object type:  image/png 
2019-03-09 15:29:19.866323 {'status': 'success', 'data': {'city': 'Miami', 'state': 'Florida', 'country': 'USA', 'location': {'type': 'Point', 'coordinates': [-80.2156, 25.7947]}, 'current': {'weather': {'ts': '2019-03-09T19:00:00.000Z', 'hu': 58, 'ic': '04d', 'pr': 1019, 'tp': 27, 'wd': 110, 'ws': 8.2}, 'pollution': {'ts': '2019-03-09T18:00:00.000Z', 'aqius': 2, 'mainus': 'n2', 'aqicn': 5, 'maincn': 'n2'}}}} <class 'dict'> 
2019-03-09 15:29:19.867012 Pollution data {'ts': '2019-03-09T18:00:00.000Z', 'aqius': 2, 'mainus': 'n2', 'aqicn': 5, 'maincn': 'n2'} 
2019-03-09 15:29:19.867072 latitude: -80.2156 longitude: 25.7947 
2019-03-09 15:29:20.028160 google request:  200 object type:  image/png 
2019-03-09 15:32:22.260871 {'status': 'success', 'data': {'city': 'Miami', 'state': 'Florida', 'country': 'USA', 'location': {'type': 'Point', 'coordinates': [-80.2156, 25.7947]}, 'current': {'weather': {'ts': '2019-03-09T19:00:00.000Z', 'hu': 58, 'ic': '04d', 'pr': 1019, 'tp': 27, 'wd': 110, 'ws': 8.2}, 'pollution': {'ts': '2019-03-09T18:00:00.000Z', 'aqius': 2, 'mainus': 'n2', 'aqicn': 5, 'maincn': 'n2'}}}} <class 'dict'> 
2019-03-09 15:32:22.261452 Pollution data {'ts': '2019-03-09T18:00:00.000Z', 'aqius': 2, 'mainus': 'n2', 'aqicn': 5, 'maincn': 'n2'} 
2019-03-09 15:32:22.261524 latitude: -80.2156 longitude: 25.7947 
2019-03-09 15:32:22.454423 google request:  200 object type:  image/png 
2019-03-09 15:32:43.544070 {'status': 'success', 'data': {'city': 'Miami', 'state': 'Florida', 'country': 'USA', 'location': {'type': 'Point', 'coordinates': [-80.2156, 25.7947]}, 'current': {'weather': {'ts': '2019-03-09T19:00:00.000Z', 'hu': 58, 'ic': '04d', 'pr': 1019, 'tp': 27, 'wd': 110, 'ws': 8.2}, 'pollution': {'ts': '2019-03-09T18:00:00.000Z', 'aqius': 2, 'mainus': 'n2', 'aqicn': 5, 'maincn': 'n2'}}}} <class 'dict'> 
2019-03-09 15:32:43.545007 Pollution data {'ts': '2019-03-09T18:00:00.000Z', 'aqius': 2, 'mainus': 'n2', 'aqicn': 5, 'maincn': 'n2'} 
2019-03-09 15:32:43.545293 latitude: -80.2156 longitude: 25.7947 
2019-03-09 15:32:43.701326 google request:  200 object type:  image/png 
2019-03-09 15:34:02.982228 {'status': 'success', 'data': {'city': 'Miami', 'state': 'Florida', 'country': 'USA', 'location': {'type': 'Point', 'coordinates': [-80.2156, 25.7947]}, 'current': {'weather': {'ts': '2019-03-09T19:00:00.000Z', 'hu': 58, 'ic': '04d', 'pr': 1019, 'tp': 27, 'wd': 110, 'ws': 8.2}, 'pollution': {'ts': '2019-03-09T18:00:00.000Z', 'aqius': 2, 'mainus': 'n2', 'aqicn': 5, 'maincn': 'n2'}}}} <class 'dict'> 
2019-03-09 15:34:02.982919 Pollution data {'ts': '2019-03-09T18:00:00.000Z', 'aqius': 2, 'mainus': 'n2', 'aqicn': 5, 'maincn': 'n2'} 
2019-03-09 15:34:02.983037 latitude: -80.2156 longitude: 25.7947 
2019-03-09 15:34:03.156176 google request:  200 object type:  image/png 
2019-03-09 15:34:13.633053 {'status': 'success', 'data': {'city': 'Miami', 'state': 'Florida', 'country': 'USA', 'location': {'type': 'Point', 'coordinates': [-80.2156, 25.7947]}, 'current': {'weather': {'ts': '2019-03-09T19:00:00.000Z', 'hu': 58, 'ic': '04d', 'pr': 1019, 'tp': 27, 'wd': 110, 'ws': 8.2}, 'pollution': {'ts': '2019-03-09T18:00:00.000Z', 'aqius': 2, 'mainus': 'n2', 'aqicn': 5, 'maincn': 'n2'}}}} <class 'dict'> 
2019-03-09 15:34:13.633812 Pollution data {'ts': '2019-03-09T18:00:00.000Z', 'aqius': 2, 'mainus': 'n2', 'aqicn': 5, 'maincn': 'n2'} 
2019-03-09 15:34:13.633889 latitude: -80.2156 longitude: 25.7947 
2019-03-09 15:34:13.796995 google request:  200 object type:  image/png 
2019-03-09 15:34:28.512999 {'status': 'success', 'data': {'city': 'Miami', 'state': 'Florida', 'country': 'USA', 'location': {'type': 'Point', 'coordinates': [-80.2156, 25.7947]}, 'current': {'weather': {'ts': '2019-03-09T19:00:00.000Z', 'hu': 58, 'ic': '04d', 'pr': 1019, 'tp': 27, 'wd': 110, 'ws': 8.2}, 'pollution': {'ts': '2019-03-09T18:00:00.000Z', 'aqius': 2, 'mainus': 'n2', 'aqicn': 5, 'maincn': 'n2'}}}} <class 'dict'> 
2019-03-09 15:34:28.514003 Pollution data {'ts': '2019-03-09T18:00:00.000Z', 'aqius': 2, 'mainus': 'n2', 'aqicn': 5, 'maincn': 'n2'} 
2019-03-09 15:34:28.514111 latitude: -80.2156 longitude: 25.7947 
2019-03-09 15:34:28.694948 google request:  200 object type:  image/png 
2019-03-09 15:34:43.296425 {'status': 'success', 'data': {'city': 'Miami', 'state': 'Florida', 'country': 'USA', 'location': {'type': 'Point', 'coordinates': [-80.2156, 25.7947]}, 'current': {'weather': {'ts': '2019-03-09T19:00:00.000Z', 'hu': 58, 'ic': '04d', 'pr': 1019, 'tp': 27, 'wd': 110, 'ws': 8.2}, 'pollution': {'ts': '2019-03-09T18:00:00.000Z', 'aqius': 2, 'mainus': 'n2', 'aqicn': 5, 'maincn': 'n2'}}}} <class 'dict'> 
2019-03-09 15:34:43.296991 Pollution data {'ts': '2019-03-09T18:00:00.000Z', 'aqius': 2, 'mainus': 'n2', 'aqicn': 5, 'maincn': 'n2'} 
2019-03-09 15:34:43.297069 latitude: -80.2156 longitude: 25.7947 
2019-03-09 15:34:43.458469 google request:  200 object type:  image/png 
2019-03-09 15:34:59.122306 {'status': 'success', 'data': {'city': 'Miami', 'state': 'Florida', 'country': 'USA', 'location': {'type': 'Point', 'coordinates': [-80.2156, 25.7947]}, 'current': {'weather': {'ts': '2019-03-09T19:00:00.000Z', 'hu': 58, 'ic': '04d', 'pr': 1019, 'tp': 27, 'wd': 110, 'ws': 8.2}, 'pollution': {'ts': '2019-03-09T18:00:00.000Z', 'aqius': 2, 'mainus': 'n2', 'aqicn': 5, 'maincn': 'n2'}}}} <class 'dict'> 
2019-03-09 15:34:59.123205 Pollution data {'ts': '2019-03-09T18:00:00.000Z', 'aqius': 2, 'mainus': 'n2', 'aqicn': 5, 'maincn': 'n2'} 
2019-03-09 15:34:59.123295 latitude: -80.2156 longitude: 25.7947 
2019-03-09 15:34:59.248439 google request:  200 object type:  image/png 
2019-03-09 15:35:13.620231 {'status': 'success', 'data': {'city': 'Miami', 'state': 'Florida', 'country': 'USA', 'location': {'type': 'Point', 'coordinates': [-80.2156, 25.7947]}, 'current': {'weather': {'ts': '2019-03-09T19:00:00.000Z', 'hu': 58, 'ic': '04d', 'pr': 1019, 'tp': 27, 'wd': 110, 'ws': 8.2}, 'pollution': {'ts': '2019-03-09T18:00:00.000Z', 'aqius': 2, 'mainus': 'n2', 'aqicn': 5, 'maincn': 'n2'}}}} <class 'dict'> 
2019-03-09 15:35:13.621178 Pollution data {'ts': '2019-03-09T18:00:00.000Z', 'aqius': 2, 'mainus': 'n2', 'aqicn': 5, 'maincn': 'n2'} 
2019-03-09 15:35:13.621442 latitude: -80.2156 longitude: 25.7947 
2019-03-09 15:35:13.801478 google request:  200 object type:  image/png 
2019-03-09 15:35:40.007815 {'status': 'success', 'data': {'city': 'Miami', 'state': 'Florida', 'country': 'USA', 'location': {'type': 'Point', 'coordinates': [-80.2156, 25.7947]}, 'current': {'weather': {'ts': '2019-03-09T19:00:00.000Z', 'hu': 58, 'ic': '04d', 'pr': 1019, 'tp': 27, 'wd': 110, 'ws': 8.2}, 'pollution': {'ts': '2019-03-09T18:00:00.000Z', 'aqius': 2, 'mainus': 'n2', 'aqicn': 5, 'maincn': 'n2'}}}} <class 'dict'> 
2019-03-09 15:35:40.008507 Pollution data {'ts': '2019-03-09T18:00:00.000Z', 'aqius': 2, 'mainus': 'n2', 'aqicn': 5, 'maincn': 'n2'} 
2019-03-09 15:35:40.008577 latitude: -80.2156 longitude: 25.7947 
2019-03-09 15:35:40.155711 google request:  200 object type:  image/png 
2019-03-09 15:35:58.915341 {'status': 'success', 'data': {'city': 'Miami', 'state': 'Florida', 'country': 'USA', 'location': {'type': 'Point', 'coordinates': [-80.2156, 25.7947]}, 'current': {'weather': {'ts': '2019-03-09T19:00:00.000Z', 'hu': 58, 'ic': '04d', 'pr': 1019, 'tp': 27, 'wd': 110, 'ws': 8.2}, 'pollution': {'ts': '2019-03-09T18:00:00.000Z', 'aqius': 2, 'mainus': 'n2', 'aqicn': 5, 'maincn': 'n2'}}}} <class 'dict'> 
2019-03-09 15:35:58.915918 Pollution data {'ts': '2019-03-09T18:00:00.000Z', 'aqius': 2, 'mainus': 'n2', 'aqicn': 5, 'maincn': 'n2'} 
2019-03-09 15:35:58.915971 latitude: -80.2156 longitude: 25.7947 
2019-03-09 15:35:59.058829 google request:  200 object type:  image/png 
2019-03-09 15:36:13.623008 {'status': 'success', 'data': {'city': 'Miami', 'state': 'Florida', 'country': 'USA', 'location': {'type': 'Point', 'coordinates': [-80.2156, 25.7947]}, 'current': {'weather': {'ts': '2019-03-09T19:00:00.000Z', 'hu': 58, 'ic': '04d', 'pr': 1019, 'tp': 27, 'wd': 110, 'ws': 8.2}, 'pollution': {'ts': '2019-03-09T18:00:00.000Z', 'aqius': 2, 'mainus': 'n2', 'aqicn': 5, 'maincn': 'n2'}}}} <class 'dict'> 
2019-03-09 15:36:13.623833 Pollution data {'ts': '2019-03-09T18:00:00.000Z', 'aqius': 2, 'mainus': 'n2', 'aqicn': 5, 'maincn': 'n2'} 
2019-03-09 15:36:13.623920 latitude: -80.2156 longitude: 25.7947 
2019-03-09 15:36:13.766828 google request:  200 object type:  image/png 
2019-03-09 15:36:30.871712 {'status': 'success', 'data': {'city': 'Miami', 'state': 'Florida', 'country': 'USA', 'location': {'type': 'Point', 'coordinates': [-80.2156, 25.7947]}, 'current': {'weather': {'ts': '2019-03-09T19:00:00.000Z', 'hu': 58, 'ic': '04d', 'pr': 1019, 'tp': 27, 'wd': 110, 'ws': 8.2}, 'pollution': {'ts': '2019-03-09T18:00:00.000Z', 'aqius': 2, 'mainus': 'n2', 'aqicn': 5, 'maincn': 'n2'}}}} <class 'dict'> 
2019-03-09 15:36:30.872571 Pollution data {'ts': '2019-03-09T18:00:00.000Z', 'aqius': 2, 'mainus': 'n2', 'aqicn': 5, 'maincn': 'n2'} 
2019-03-09 15:36:30.872708 latitude: -80.2156 longitude: 25.7947 
2019-03-09 15:36:31.052707 google request:  200 object type:  image/png 
2019-03-09 15:37:35.599576 {'status': 'success', 'data': {'city': 'Miami', 'state': 'Florida', 'country': 'USA', 'location': {'type': 'Point', 'coordinates': [-80.2156, 25.7947]}, 'current': {'weather': {'ts': '2019-03-09T20:00:00.000Z', 'hu': 58, 'ic': '04d', 'pr': 1018, 'tp': 27, 'wd': 120, 'ws': 6.2}, 'pollution': {'ts': '2019-03-09T19:00:00.000Z', 'aqius': 1, 'mainus': 'n2', 'aqicn': 4, 'maincn': 'n2'}}}} <class 'dict'> 
2019-03-09 15:37:35.600237 Pollution data {'ts': '2019-03-09T19:00:00.000Z', 'aqius': 1, 'mainus': 'n2', 'aqicn': 4, 'maincn': 'n2'} 
2019-03-09 15:37:35.600352 latitude: -80.2156 longitude: 25.7947 
2019-03-09 15:37:35.768763 google request:  200 object type:  image/png 
2019-03-09 15:38:14.340568 {'status': 'success', 'data': {'city': 'Miami', 'state': 'Florida', 'country': 'USA', 'location': {'type': 'Point', 'coordinates': [-80.2156, 25.7947]}, 'current': {'weather': {'ts': '2019-03-09T20:00:00.000Z', 'hu': 58, 'ic': '04d', 'pr': 1018, 'tp': 27, 'wd': 120, 'ws': 6.2}, 'pollution': {'ts': '2019-03-09T19:00:00.000Z', 'aqius': 1, 'mainus': 'n2', 'aqicn': 4, 'maincn': 'n2'}}}} <class 'dict'> 
2019-03-09 15:38:14.341578 Pollution data {'ts': '2019-03-09T19:00:00.000Z', 'aqius': 1, 'mainus': 'n2', 'aqicn': 4, 'maincn': 'n2'} 
2019-03-09 15:38:14.341668 latitude: -80.2156 longitude: 25.7947 
2019-03-09 15:38:14.505067 google request:  200 object type:  image/png 
2019-03-09 15:38:30.059764 {'status': 'success', 'data': {'city': 'Miami', 'state': 'Florida', 'country': 'USA', 'location': {'type': 'Point', 'coordinates': [-80.2156, 25.7947]}, 'current': {'weather': {'ts': '2019-03-09T20:00:00.000Z', 'hu': 58, 'ic': '04d', 'pr': 1018, 'tp': 27, 'wd': 120, 'ws': 6.2}, 'pollution': {'ts': '2019-03-09T19:00:00.000Z', 'aqius': 1, 'mainus': 'n2', 'aqicn': 4, 'maincn': 'n2'}}}} <class 'dict'> 
2019-03-09 15:38:30.060436 Pollution data {'ts': '2019-03-09T19:00:00.000Z', 'aqius': 1, 'mainus': 'n2', 'aqicn': 4, 'maincn': 'n2'} 
2019-03-09 15:38:30.060509 latitude: -80.2156 longitude: 25.7947 
2019-03-09 15:38:30.225354 google request:  200 object type:  image/png 
2019-03-09 15:40:08.129453 {'status': 'success', 'data': {'city': 'Miami', 'state': 'Florida', 'country': 'USA', 'location': {'type': 'Point', 'coordinates': [-80.2156, 25.7947]}, 'current': {'weather': {'ts': '2019-03-09T20:00:00.000Z', 'hu': 58, 'ic': '04d', 'pr': 1018, 'tp': 27, 'wd': 120, 'ws': 6.2}, 'pollution': {'ts': '2019-03-09T19:00:00.000Z', 'aqius': 1, 'mainus': 'n2', 'aqicn': 4, 'maincn': 'n2'}}}} <class 'dict'> 
2019-03-09 15:40:08.130531 Pollution data {'ts': '2019-03-09T19:00:00.000Z', 'aqius': 1, 'mainus': 'n2', 'aqicn': 4, 'maincn': 'n2'} 
2019-03-09 15:40:08.130679 latitude: -80.2156 longitude: 25.7947 
2019-03-09 15:40:08.280035 google request:  200 object type:  image/png 
2019-03-09 15:40:31.245243 {'status': 'success', 'data': {'city': 'Miami', 'state': 'Florida', 'country': 'USA', 'location': {'type': 'Point', 'coordinates': [-80.2156, 25.7947]}, 'current': {'weather': {'ts': '2019-03-09T20:00:00.000Z', 'hu': 58, 'ic': '04d', 'pr': 1018, 'tp': 27, 'wd': 120, 'ws': 6.2}, 'pollution': {'ts': '2019-03-09T19:00:00.000Z', 'aqius': 1, 'mainus': 'n2', 'aqicn': 4, 'maincn': 'n2'}}}} <class 'dict'> 
2019-03-09 15:40:31.246000 Pollution data {'ts': '2019-03-09T19:00:00.000Z', 'aqius': 1, 'mainus': 'n2', 'aqicn': 4, 'maincn': 'n2'} 
2019-03-09 15:40:31.246123 latitude: -80.2156 longitude: 25.7947 
2019-03-09 15:40:31.356712 google request:  200 object type:  image/png 
